Using pre-set license
Built from '2021.1/staging' branch; Version is '2021.1.2f1 (e5d502d80fbb) revision 15062274'; Using compiler version '192528614'; Build Type 'Release'
OS: 'Windows 10 Home; OS build 19041.928; Version 2004; 64bit' Language: 'en' Physical Memory: 16185 MB
BatchMode: 1, IsHumanControllingUs: 0, StartBugReporterOnCrash: 0, Is64bit: 1, IsPro: 0

 COMMAND LINE ARGUMENTS:
C:\Program Files\Unity\Hub\Editor\2021.1.2f1\Editor\Unity.exe
-adb2
-batchMode
-noUpm
-name
AssetImportWorker0
-projectPath
D:/Downloads/Unity repos/Project Boost
-logFile
Logs/AssetImportWorker0.log
-srvPort
57232
Successfully changed project path to: D:/Downloads/Unity repos/Project Boost
D:/Downloads/Unity repos/Project Boost
Using Asset Import Pipeline V2.
Refreshing native plugins compatible for Editor in 160.38 ms, found 1 plugins.
Preloading 0 native plugins for Editor in 0.00 ms.
Initialize engine version: 2021.1.2f1 (e5d502d80fbb)
[Subsystems] Discovering subsystems at path C:/Program Files/Unity/Hub/Editor/2021.1.2f1/Editor/Data/Resources/UnitySubsystems
[Subsystems] Discovering subsystems at path D:/Downloads/Unity repos/Project Boost/Assets
GfxDevice: creating device client; threaded=0; jobified=0
Direct3D:
    Version:  Direct3D 11.0 [level 11.1]
    Renderer: NVIDIA GeForce RTX 2060 (ID=0x1f08)
    Vendor:   NVIDIA
    VRAM:     5980 MB
    Driver:   27.21.14.6192
Shader 'Mirza Beig/Standard/Terrain Rain': dependency 'BaseMapShader' shader 'ASESampleShaders/SimpleTerrainBase' not found
Shader 'Mirza Beig/Standard/Terrain Rain 2': dependency 'BaseMapShader' shader 'ASESampleShaders/SimpleTerrainBase' not found
Initialize mono
Mono path[0] = 'C:/Program Files/Unity/Hub/Editor/2021.1.2f1/Editor/Data/Managed'
Mono path[1] = 'C:/Program Files/Unity/Hub/Editor/2021.1.2f1/Editor/Data/MonoBleedingEdge/lib/mono/unityjit'
Mono config path = 'C:/Program Files/Unity/Hub/Editor/2021.1.2f1/Editor/Data/MonoBleedingEdge/etc'
Using monoOptions --debugger-agent=transport=dt_socket,embedding=1,server=y,suspend=n,address=127.0.0.1:56508
Begin MonoManager ReloadAssembly
Registering precompiled unity dll's ...
Register platform support module: C:/Program Files/Unity/Hub/Editor/2021.1.2f1/Editor/Data/PlaybackEngines/WebGLSupport/UnityEditor.WebGL.Extensions.dll
Register platform support module: C:/Program Files/Unity/Hub/Editor/2021.1.2f1/Editor/Data/PlaybackEngines/WindowsStandaloneSupport/UnityEditor.WindowsStandalone.Extensions.dll
Registered in 0.001681 seconds.
Native extension for WindowsStandalone target not found
Native extension for WebGL target not found
Refreshing native plugins compatible for Editor in 175.05 ms, found 1 plugins.
Preloading 0 native plugins for Editor in 0.00 ms.
Mono: successfully reloaded assembly
- Completed reload, in  1.014 seconds
Platform modules already initialized, skipping
Registering precompiled user dll's ...
Registered in 0.002178 seconds.
Begin MonoManager ReloadAssembly
Native extension for WindowsStandalone target not found
Native extension for WebGL target not found
Refreshing native plugins compatible for Editor in 1.32 ms, found 1 plugins.
Preloading 0 native plugins for Editor in 0.00 ms.
Mono: successfully reloaded assembly
- Completed reload, in  0.738 seconds
Platform modules already initialized, skipping
========================================================================
Worker process is ready to serve import requests
Shader 'Mirza Beig/Standard/Terrain Rain': dependency 'BaseMapShader' shader 'ASESampleShaders/SimpleTerrainBase' not found
Shader 'Mirza Beig/Standard/Terrain Rain 2': dependency 'BaseMapShader' shader 'ASESampleShaders/SimpleTerrainBase' not found
Launched and connected shader compiler UnityShaderCompiler.exe after 0.06 seconds
Refreshing native plugins compatible for Editor in 2.38 ms, found 1 plugins.
Preloading 0 native plugins for Editor in 0.00 ms.
Unloading 2766 Unused Serialized files (Serialized files now loaded: 0)
System memory in use before: 187.5 MB.
System memory in use after: 187.7 MB.

Unloading 15 unused Assets to reduce memory usage. Loaded Objects now: 3231.
Total: 1.728300 ms (FindLiveObjects: 0.227600 ms CreateObjectMapping: 0.147700 ms MarkObjects: 1.290500 ms  DeleteObjects: 0.061700 ms)

========================================================================
Received Import Request.
  path: Assets/Beautify
  artifactKey: Guid(25653edf656e24d20881aa2dfcc3c1f8) Importer(815301076,1909f56bfc062723c751e8b465ee728b)
Start importing Assets/Beautify using Guid(25653edf656e24d20881aa2dfcc3c1f8) Importer(815301076,1909f56bfc062723c751e8b465ee728b)  -> (artifact id: 'c5b2ec72e10f1faf33f024dbfec5e00f') in 0.006535 seconds 
========================================================================
Received Import Request.
  Time since last request: 0.000195 seconds.
  path: Assets/Beautify/PPSv2
  artifactKey: Guid(22cff53dfe72844babf8ae9cb8babc15) Importer(815301076,1909f56bfc062723c751e8b465ee728b)
Start importing Assets/Beautify/PPSv2 using Guid(22cff53dfe72844babf8ae9cb8babc15) Importer(815301076,1909f56bfc062723c751e8b465ee728b)  -> (artifact id: '95d3e109c6481aeba9e14fa6107c6005') in 0.004268 seconds 
========================================================================
Received Import Request.
  Time since last request: 0.979745 seconds.
  path: Assets/Beautify/Builtin
  artifactKey: Guid(835ec2e95f94c4902b8f424bea3851d2) Importer(815301076,1909f56bfc062723c751e8b465ee728b)
Start importing Assets/Beautify/Builtin using Guid(835ec2e95f94c4902b8f424bea3851d2) Importer(815301076,1909f56bfc062723c751e8b465ee728b)  -> (artifact id: 'b3c7d9915825eebbd6b15375d4204821') in 0.004085 seconds 
========================================================================
Received Import Request.
  Time since last request: 0.615188 seconds.
  path: Assets/Beautify/URP
  artifactKey: Guid(3f9961d11e2134c169394003911b1353) Importer(815301076,1909f56bfc062723c751e8b465ee728b)
Start importing Assets/Beautify/URP using Guid(3f9961d11e2134c169394003911b1353) Importer(815301076,1909f56bfc062723c751e8b465ee728b)  -> (artifact id: '056962af3f6f3309e1c5e2d01789e5f9') in 0.004020 seconds 
========================================================================
Received Import Request.
  Time since last request: 1.593609 seconds.
  path: Assets/Beautify/URP/Beautify_URP.unitypackage
  artifactKey: Guid(b5a026086e55c4223bca096f44d38711) Importer(815301076,1909f56bfc062723c751e8b465ee728b)
Start importing Assets/Beautify/URP/Beautify_URP.unitypackage using Guid(b5a026086e55c4223bca096f44d38711) Importer(815301076,1909f56bfc062723c751e8b465ee728b)  -> (artifact id: 'a2fa181a452bfd4106924f2140898ce2') in 0.025792 seconds 
========================================================================
Received Import Request.
  Time since last request: 19.334639 seconds.
  path: Assets/Beautify/Builtin/BeautifyBuiltinPipeline.unitypackage
  artifactKey: Guid(7d9615768027a46c6be8471f9831fb64) Importer(815301076,1909f56bfc062723c751e8b465ee728b)
Start importing Assets/Beautify/Builtin/BeautifyBuiltinPipeline.unitypackage using Guid(7d9615768027a46c6be8471f9831fb64) Importer(815301076,1909f56bfc062723c751e8b465ee728b)  -> (artifact id: '35af9f1c5e19f5e96e06888c0559add0') in 0.005594 seconds 
========================================================================
Received Prepare
Registering precompiled user dll's ...
Registered in 0.002168 seconds.
Begin MonoManager ReloadAssembly
Native extension for WindowsStandalone target not found
Native extension for WebGL target not found
Refreshing native plugins compatible for Editor in 1.44 ms, found 1 plugins.
Preloading 0 native plugins for Editor in 0.00 ms.
Mono: successfully reloaded assembly
- Completed reload, in  0.734 seconds
Platform modules already initialized, skipping
Shader 'Mirza Beig/Standard/Terrain Rain': dependency 'BaseMapShader' shader 'ASESampleShaders/SimpleTerrainBase' not found
Shader 'Mirza Beig/Standard/Terrain Rain 2': dependency 'BaseMapShader' shader 'ASESampleShaders/SimpleTerrainBase' not found
Refreshing native plugins compatible for Editor in 1.35 ms, found 1 plugins.
Preloading 0 native plugins for Editor in 0.00 ms.
Unloading 2753 Unused Serialized files (Serialized files now loaded: 0)
System memory in use before: 191.1 MB.
System memory in use after: 190.4 MB.

Unloading 16 unused Assets to reduce memory usage. Loaded Objects now: 3250.
Total: 2.935500 ms (FindLiveObjects: 0.517400 ms CreateObjectMapping: 0.421800 ms MarkObjects: 1.755600 ms  DeleteObjects: 0.238700 ms)

========================================================================
Received Import Request.
  Time since last request: 57.241096 seconds.
  path: Assets/Beautify/Demos
  artifactKey: Guid(691d699a8b341457e9608971b092cd1f) Importer(815301076,1909f56bfc062723c751e8b465ee728b)
Start importing Assets/Beautify/Demos using Guid(691d699a8b341457e9608971b092cd1f) Importer(815301076,1909f56bfc062723c751e8b465ee728b)  -> (artifact id: '4e03b0320bd4298f1b942a37c8da8287') in 0.006509 seconds 
========================================================================
Received Import Request.
  Time since last request: 2.135930 seconds.
  path: Assets/Beautify/Demos/DemoSources
  artifactKey: Guid(831cfb39953624b718c31102025d857a) Importer(815301076,1909f56bfc062723c751e8b465ee728b)
Start importing Assets/Beautify/Demos/DemoSources using Guid(831cfb39953624b718c31102025d857a) Importer(815301076,1909f56bfc062723c751e8b465ee728b)  -> (artifact id: '1e8191dea54eca0b0f96fe32b6b2ffa3') in 0.003893 seconds 
========================================================================
Received Import Request.
  Time since last request: 2.606454 seconds.
  path: Assets/Beautify/Demos/DemoSources/Scripts
  artifactKey: Guid(3a4356d50eb724ab1a0b2fcd872e67f7) Importer(815301076,1909f56bfc062723c751e8b465ee728b)
Start importing Assets/Beautify/Demos/DemoSources/Scripts using Guid(3a4356d50eb724ab1a0b2fcd872e67f7) Importer(815301076,1909f56bfc062723c751e8b465ee728b)  -> (artifact id: '1135f0329888451d2e25d5f5c3f5e94d') in 0.006498 seconds 
========================================================================
Received Import Request.
  Time since last request: 505.914813 seconds.
  path: Assets/Beautify/Scripts
  artifactKey: Guid(c9c9c8fee0c604d789c4da6f52768d85) Importer(815301076,1909f56bfc062723c751e8b465ee728b)
Start importing Assets/Beautify/Scripts using Guid(c9c9c8fee0c604d789c4da6f52768d85) Importer(815301076,1909f56bfc062723c751e8b465ee728b)  -> (artifact id: 'ee81dafb48abcf0f1477d9df53e8ae4f') in 0.001541 seconds 
========================================================================
Received Import Request.
  Time since last request: 2.469219 seconds.
  path: Assets/Beautify/Scripts/Beautify.ShaderParams.cs
  artifactKey: Guid(cd430db9169d34853bcf913d90522d88) Importer(815301076,1909f56bfc062723c751e8b465ee728b)
Start importing Assets/Beautify/Scripts/Beautify.ShaderParams.cs using Guid(cd430db9169d34853bcf913d90522d88) Importer(815301076,1909f56bfc062723c751e8b465ee728b)  -> (artifact id: '041d457d8c96b631c385e797e04dbd54') in 0.055986 seconds 
========================================================================
Received Import Request.
  Time since last request: 1.067249 seconds.
  path: Assets/Beautify/Scripts/Beautify.cs
  artifactKey: Guid(54415757aaddf4b8a9cd7122fd120cc6) Importer(815301076,1909f56bfc062723c751e8b465ee728b)
Start importing Assets/Beautify/Scripts/Beautify.cs using Guid(54415757aaddf4b8a9cd7122fd120cc6) Importer(815301076,1909f56bfc062723c751e8b465ee728b)  -> (artifact id: '1538ab34e0c50fe25b9590946853ecea') in 0.004843 seconds 
========================================================================
Received Import Request.
  Time since last request: 34.933790 seconds.
  path: Assets/Beautify/Editor/Resources/beautifyHeader.png
  artifactKey: Guid(6dd9cc9aaf47c43bea25b8a6e9df73d9) Importer(815301076,1909f56bfc062723c751e8b465ee728b)
Start importing Assets/Beautify/Editor/Resources/beautifyHeader.png using Guid(6dd9cc9aaf47c43bea25b8a6e9df73d9) Importer(815301076,1909f56bfc062723c751e8b465ee728b)  -> (artifact id: '5de135dd8952da4e5f3383c65a5004d0') in 0.067830 seconds 
========================================================================
Received Import Request.
  Time since last request: 0.000164 seconds.
  path: Assets/Beautify/Demos/DemoSources/Textures/stone.png
  artifactKey: Guid(f3448bca33c344510a83498cc9620a63) Importer(815301076,1909f56bfc062723c751e8b465ee728b)
Start importing Assets/Beautify/Demos/DemoSources/Textures/stone.png using Guid(f3448bca33c344510a83498cc9620a63) Importer(815301076,1909f56bfc062723c751e8b465ee728b)  -> (artifact id: '3e227bae12b39fa97cd9ed41a8c7b5bf') in 0.011658 seconds 
========================================================================
Received Import Request.
  Time since last request: 0.000146 seconds.
  path: Assets/Beautify/Resources/Textures/grungeBorder.png
  artifactKey: Guid(643e746336b3b4614b96940a061447d2) Importer(815301076,1909f56bfc062723c751e8b465ee728b)
Start importing Assets/Beautify/Resources/Textures/grungeBorder.png using Guid(643e746336b3b4614b96940a061447d2) Importer(815301076,1909f56bfc062723c751e8b465ee728b)  -> (artifact id: 'fd9265c3e54ea74fb488b6593d26edcb') in 0.009608 seconds 
========================================================================
Received Import Request.
  Time since last request: 0.000176 seconds.
  path: Assets/Beautify/Resources/Textures/flareNoise.png
  artifactKey: Guid(93092410bbc6f4ccba773578db5832d9) Importer(815301076,1909f56bfc062723c751e8b465ee728b)
Start importing Assets/Beautify/Resources/Textures/flareNoise.png using Guid(93092410bbc6f4ccba773578db5832d9) Importer(815301076,1909f56bfc062723c751e8b465ee728b)  -> (artifact id: 'aa8dfae73443fbf2d4c2db02756076ca') in 0.008416 seconds 
========================================================================
Received Import Request.
  Time since last request: 0.000142 seconds.
  path: Assets/Beautify/Resources/Textures/dirt3.png
  artifactKey: Guid(1eaf49009b12743098441114b5bd333f) Importer(815301076,1909f56bfc062723c751e8b465ee728b)
Start importing Assets/Beautify/Resources/Textures/dirt3.png using Guid(1eaf49009b12743098441114b5bd333f) Importer(815301076,1909f56bfc062723c751e8b465ee728b)  -> (artifact id: 'aefbb9d26abc429112a5dd2627c2b8cd') in 0.008844 seconds 
========================================================================
Received Import Request.
  Time since last request: 0.000165 seconds.
  path: Assets/Beautify/Resources/Textures/dirt2.png
  artifactKey: Guid(f5c5080de097a4274bab7bc2bf5017f6) Importer(815301076,1909f56bfc062723c751e8b465ee728b)
Start importing Assets/Beautify/Resources/Textures/dirt2.png using Guid(f5c5080de097a4274bab7bc2bf5017f6) Importer(815301076,1909f56bfc062723c751e8b465ee728b)  -> (artifact id: 'bf2f3a74952db8063bc3437b479ec9a2') in 0.008176 seconds 
========================================================================
Received Import Request.
  Time since last request: 0.000169 seconds.
  path: Assets/Beautify/Resources/Textures/dirt1.png
  artifactKey: Guid(497391d2b220f4b588c8707828d383fc) Importer(815301076,1909f56bfc062723c751e8b465ee728b)
Start importing Assets/Beautify/Resources/Textures/dirt1.png using Guid(497391d2b220f4b588c8707828d383fc) Importer(815301076,1909f56bfc062723c751e8b465ee728b)  -> (artifact id: 'fa71b09244938e579eed57e5e5917b60') in 0.009150 seconds 
========================================================================
Received Import Request.
  Time since last request: 0.000161 seconds.
  path: Assets/Scenes/Level 1/ReflectionProbe-0.exr
  artifactKey: Guid(054e6763a9ac9db438a1794ac9f56b6a) Importer(815301076,1909f56bfc062723c751e8b465ee728b)
Start importing Assets/Scenes/Level 1/ReflectionProbe-0.exr using Guid(054e6763a9ac9db438a1794ac9f56b6a) Importer(815301076,1909f56bfc062723c751e8b465ee728b)  -> (artifact id: 'd3c8853c6dee20a0b69d69313478c24c') in 0.027012 seconds 
========================================================================
Received Import Request.
  Time since last request: 0.000183 seconds.
  path: Assets/Beautify/Resources/Textures/LUTSepia.png
  artifactKey: Guid(b8fc4d47ab82140b6add161a4d3ea695) Importer(815301076,1909f56bfc062723c751e8b465ee728b)
Start importing Assets/Beautify/Resources/Textures/LUTSepia.png using Guid(b8fc4d47ab82140b6add161a4d3ea695) Importer(815301076,1909f56bfc062723c751e8b465ee728b)  -> (artifact id: '7958e8319a03d7e3c79825b260ad37e4') in 0.006875 seconds 
========================================================================
Received Import Request.
  Time since last request: 0.000143 seconds.
  path: Assets/Beautify/Resources/Textures/LUTNeutral.png
  artifactKey: Guid(c75e186435cf24b06ba55bc1c1999a6f) Importer(815301076,1909f56bfc062723c751e8b465ee728b)
Start importing Assets/Beautify/Resources/Textures/LUTNeutral.png using Guid(c75e186435cf24b06ba55bc1c1999a6f) Importer(815301076,1909f56bfc062723c751e8b465ee728b)  -> (artifact id: 'f4f58b8f874b1d4b8c6b119f937024c7') in 0.006103 seconds 
========================================================================
Received Import Request.
  Time since last request: 0.000149 seconds.
  path: Assets/Beautify/Demos/DemoSources/Terrain/New Terrain.asset
  artifactKey: Guid(b1d817c04f9994bf5a2b0dd93a2cf38a) Importer(815301076,1909f56bfc062723c751e8b465ee728b)
Start importing Assets/Beautify/Demos/DemoSources/Terrain/New Terrain.asset using Guid(b1d817c04f9994bf5a2b0dd93a2cf38a) Importer(815301076,1909f56bfc062723c751e8b465ee728b)  -> (artifact id: 'ffd119758dff3413cf6fe4bc1417763b') in 0.069976 seconds 
========================================================================
Received Import Request.
  Time since last request: 0.000156 seconds.
  path: Assets/Beautify/Demos/DemoSources/Textures/dirt.png
  artifactKey: Guid(f2a884b5d1a834416ac067766388d7cb) Importer(815301076,1909f56bfc062723c751e8b465ee728b)
Start importing Assets/Beautify/Demos/DemoSources/Textures/dirt.png using Guid(f2a884b5d1a834416ac067766388d7cb) Importer(815301076,1909f56bfc062723c751e8b465ee728b)  -> (artifact id: 'd0ff656a55d6be7cc25ca3075b876439') in 0.009537 seconds 
========================================================================
Received Import Request.
  Time since last request: 0.000149 seconds.
  path: Assets/Beautify/Resources/Textures/dirt4.png
  artifactKey: Guid(3ffe6b2509a2b4ecfa7fbb37186a72c8) Importer(815301076,1909f56bfc062723c751e8b465ee728b)
Start importing Assets/Beautify/Resources/Textures/dirt4.png using Guid(3ffe6b2509a2b4ecfa7fbb37186a72c8) Importer(815301076,1909f56bfc062723c751e8b465ee728b)  -> (artifact id: '1316b4a3734525bc313152abf69e4280') in 0.008496 seconds 
========================================================================
Received Import Request.
  Time since last request: 0.000173 seconds.
  path: Assets/Beautify/Demos/DemoSources/Textures/grass.png
  artifactKey: Guid(32e10084028964e6188fdda2564f8eb4) Importer(815301076,1909f56bfc062723c751e8b465ee728b)
Start importing Assets/Beautify/Demos/DemoSources/Textures/grass.png using Guid(32e10084028964e6188fdda2564f8eb4) Importer(815301076,1909f56bfc062723c751e8b465ee728b)  -> (artifact id: '031b9a131ab339371d578ae58c8aeac4') in 0.008060 seconds 
========================================================================
Received Import Request.
  Time since last request: 0.000134 seconds.
  path: Assets/Beautify/Resources/Textures/dirt5.png
  artifactKey: Guid(c51ac95356f5b4a129042df08e58c84d) Importer(815301076,1909f56bfc062723c751e8b465ee728b)
Start importing Assets/Beautify/Resources/Textures/dirt5.png using Guid(c51ac95356f5b4a129042df08e58c84d) Importer(815301076,1909f56bfc062723c751e8b465ee728b)  -> (artifact id: 'fcb05016386799e78fdb12698516b175') in 0.007553 seconds 
========================================================================
Received Import Request.
  Time since last request: 0.000142 seconds.
  path: Assets/Beautify/Demos/DemoSources/Textures/mountain.png
  artifactKey: Guid(3315e28a11c7e4975a7e937bcda98936) Importer(815301076,1909f56bfc062723c751e8b465ee728b)
Start importing Assets/Beautify/Demos/DemoSources/Textures/mountain.png using Guid(3315e28a11c7e4975a7e937bcda98936) Importer(815301076,1909f56bfc062723c751e8b465ee728b)  -> (artifact id: 'bace1fa22edcd985d6e9e2076424c629') in 0.009491 seconds 
========================================================================
Received Import Request.
  Time since last request: 13.410285 seconds.
  path: Assets/Beautify/Resources
  artifactKey: Guid(362ba7564286a4a21b4faa169eab3496) Importer(815301076,1909f56bfc062723c751e8b465ee728b)
Start importing Assets/Beautify/Resources using Guid(362ba7564286a4a21b4faa169eab3496) Importer(815301076,1909f56bfc062723c751e8b465ee728b)  -> (artifact id: '57a5f74ab65f100f39c70a6e266ba217') in 0.004080 seconds 
========================================================================
Received Import Request.
  Time since last request: 2.361931 seconds.
  path: Assets/Beautify/Resources/Particles
  artifactKey: Guid(e544d798d1b6542379e04a3592f6cc7e) Importer(815301076,1909f56bfc062723c751e8b465ee728b)
Start importing Assets/Beautify/Resources/Particles using Guid(e544d798d1b6542379e04a3592f6cc7e) Importer(815301076,1909f56bfc062723c751e8b465ee728b)  -> (artifact id: 'f1848f245e47d4158283905ede0392ae') in 0.003955 seconds 
========================================================================
Received Import Request.
  Time since last request: 0.165236 seconds.
  path: Assets/Beautify/Resources/Particles/ParticleBlendZBuffer.mat
  artifactKey: Guid(2d2b6afa4c9ab4b7ab0e12cd4784cd5c) Importer(815301076,1909f56bfc062723c751e8b465ee728b)
Start importing Assets/Beautify/Resources/Particles/ParticleBlendZBuffer.mat using Guid(2d2b6afa4c9ab4b7ab0e12cd4784cd5c) Importer(815301076,1909f56bfc062723c751e8b465ee728b)  -> (artifact id: '35275d768178775894b6d0dc331d09e7') in 0.029391 seconds 
========================================================================
Received Import Request.
  Time since last request: 4.315837 seconds.
  path: Assets/Beautify/Resources/Materials
  artifactKey: Guid(4b7baac2cee904aa1aa265372916eb69) Importer(815301076,1909f56bfc062723c751e8b465ee728b)
Start importing Assets/Beautify/Resources/Materials using Guid(4b7baac2cee904aa1aa265372916eb69) Importer(815301076,1909f56bfc062723c751e8b465ee728b)  -> (artifact id: '30f286b1a704dbf50123ba1ee67bb3f4') in 0.003968 seconds 
========================================================================
Received Import Request.
  Time since last request: 0.040839 seconds.
  path: Assets/Beautify/Resources/Materials/flareNoise.mat
  artifactKey: Guid(40bb0bd5529704ce4bb68810acfb27d6) Importer(815301076,1909f56bfc062723c751e8b465ee728b)
Start importing Assets/Beautify/Resources/Materials/flareNoise.mat using Guid(40bb0bd5529704ce4bb68810acfb27d6) Importer(815301076,1909f56bfc062723c751e8b465ee728b)  -> (artifact id: 'e2beae150c556f4bdc2439101f828019') in 0.012519 seconds 
========================================================================
Received Import Request.
  Time since last request: 2.213377 seconds.
  path: Assets/Beautify/Resources/Textures
  artifactKey: Guid(bd3d25ba6f3d548b7b9adbcf2ad1b785) Importer(815301076,1909f56bfc062723c751e8b465ee728b)
Start importing Assets/Beautify/Resources/Textures using Guid(bd3d25ba6f3d548b7b9adbcf2ad1b785) Importer(815301076,1909f56bfc062723c751e8b465ee728b)  -> (artifact id: '658cfc69be8e52613f2a63aa3642511d') in 0.004782 seconds 
========================================================================
Received Prepare
Registering precompiled user dll's ...
Registered in 0.002524 seconds.
Begin MonoManager ReloadAssembly
Native extension for WindowsStandalone target not found
Native extension for WebGL target not found
Refreshing native plugins compatible for Editor in 1.38 ms, found 1 plugins.
Preloading 0 native plugins for Editor in 0.00 ms.
Mono: successfully reloaded assembly
- Completed reload, in  0.728 seconds
Platform modules already initialized, skipping
Shader 'Mirza Beig/Standard/Terrain Rain': dependency 'BaseMapShader' shader 'ASESampleShaders/SimpleTerrainBase' not found
Shader 'Mirza Beig/Standard/Terrain Rain 2': dependency 'BaseMapShader' shader 'ASESampleShaders/SimpleTerrainBase' not found
Refreshing native plugins compatible for Editor in 1.36 ms, found 1 plugins.
Preloading 0 native plugins for Editor in 0.00 ms.
Unloading 2769 Unused Serialized files (Serialized files now loaded: 0)
System memory in use before: 204.7 MB.
System memory in use after: 204.0 MB.

Unloading 16 unused Assets to reduce memory usage. Loaded Objects now: 3539.
Total: 2.555600 ms (FindLiveObjects: 0.321400 ms CreateObjectMapping: 0.286500 ms MarkObjects: 1.691600 ms  DeleteObjects: 0.255400 ms)

========================================================================
Received Prepare
Registering precompiled user dll's ...
Registered in 0.002337 seconds.
Begin MonoManager ReloadAssembly
Native extension for WindowsStandalone target not found
Native extension for WebGL target not found
Refreshing native plugins compatible for Editor in 1.36 ms, found 1 plugins.
Preloading 0 native plugins for Editor in 0.00 ms.
Mono: successfully reloaded assembly
- Completed reload, in  0.681 seconds
Platform modules already initialized, skipping
Shader 'Mirza Beig/Standard/Terrain Rain': dependency 'BaseMapShader' shader 'ASESampleShaders/SimpleTerrainBase' not found
Shader 'Mirza Beig/Standard/Terrain Rain 2': dependency 'BaseMapShader' shader 'ASESampleShaders/SimpleTerrainBase' not found
Refreshing native plugins compatible for Editor in 1.40 ms, found 1 plugins.
Preloading 0 native plugins for Editor in 0.00 ms.
Unloading 2752 Unused Serialized files (Serialized files now loaded: 0)
System memory in use before: 204.1 MB.
System memory in use after: 203.4 MB.

Unloading 15 unused Assets to reduce memory usage. Loaded Objects now: 3542.
Total: 2.389700 ms (FindLiveObjects: 0.314200 ms CreateObjectMapping: 0.185300 ms MarkObjects: 1.637900 ms  DeleteObjects: 0.251700 ms)

========================================================================
Received Prepare
Registering precompiled user dll's ...
Registered in 0.002153 seconds.
Begin MonoManager ReloadAssembly
Native extension for WindowsStandalone target not found
Native extension for WebGL target not found
Refreshing native plugins compatible for Editor in 1.37 ms, found 1 plugins.
Preloading 0 native plugins for Editor in 0.00 ms.
Mono: successfully reloaded assembly
- Completed reload, in  0.668 seconds
Platform modules already initialized, skipping
Shader 'Mirza Beig/Standard/Terrain Rain': dependency 'BaseMapShader' shader 'ASESampleShaders/SimpleTerrainBase' not found
Shader 'Mirza Beig/Standard/Terrain Rain 2': dependency 'BaseMapShader' shader 'ASESampleShaders/SimpleTerrainBase' not found
Refreshing native plugins compatible for Editor in 1.38 ms, found 1 plugins.
Preloading 0 native plugins for Editor in 0.00 ms.
Unloading 2752 Unused Serialized files (Serialized files now loaded: 0)
System memory in use before: 204.1 MB.
System memory in use after: 203.4 MB.

Unloading 15 unused Assets to reduce memory usage. Loaded Objects now: 3545.
Total: 2.197900 ms (FindLiveObjects: 0.274100 ms CreateObjectMapping: 0.149600 ms MarkObjects: 1.475800 ms  DeleteObjects: 0.297500 ms)

========================================================================
Received Prepare
Registering precompiled user dll's ...
Registered in 0.002361 seconds.
Begin MonoManager ReloadAssembly
Native extension for WindowsStandalone target not found
Native extension for WebGL target not found
Refreshing native plugins compatible for Editor in 1.36 ms, found 1 plugins.
Preloading 0 native plugins for Editor in 0.00 ms.
Mono: successfully reloaded assembly
- Completed reload, in  0.678 seconds
Platform modules already initialized, skipping
Shader 'Mirza Beig/Standard/Terrain Rain': dependency 'BaseMapShader' shader 'ASESampleShaders/SimpleTerrainBase' not found
Shader 'Mirza Beig/Standard/Terrain Rain 2': dependency 'BaseMapShader' shader 'ASESampleShaders/SimpleTerrainBase' not found
Refreshing native plugins compatible for Editor in 1.35 ms, found 1 plugins.
Preloading 0 native plugins for Editor in 0.00 ms.
Unloading 2752 Unused Serialized files (Serialized files now loaded: 0)
System memory in use before: 204.2 MB.
System memory in use after: 203.4 MB.

Unloading 15 unused Assets to reduce memory usage. Loaded Objects now: 3548.
Total: 2.171400 ms (FindLiveObjects: 0.299400 ms CreateObjectMapping: 0.163200 ms MarkObjects: 1.448100 ms  DeleteObjects: 0.259800 ms)

========================================================================
Received Prepare
Registering precompiled user dll's ...
Registered in 0.002227 seconds.
Begin MonoManager ReloadAssembly
Native extension for WindowsStandalone target not found
Native extension for WebGL target not found
Refreshing native plugins compatible for Editor in 1.36 ms, found 1 plugins.
Preloading 0 native plugins for Editor in 0.00 ms.
Mono: successfully reloaded assembly
- Completed reload, in  0.677 seconds
Platform modules already initialized, skipping
Shader 'Mirza Beig/Standard/Terrain Rain': dependency 'BaseMapShader' shader 'ASESampleShaders/SimpleTerrainBase' not found
Shader 'Mirza Beig/Standard/Terrain Rain 2': dependency 'BaseMapShader' shader 'ASESampleShaders/SimpleTerrainBase' not found
Refreshing native plugins compatible for Editor in 1.37 ms, found 1 plugins.
Preloading 0 native plugins for Editor in 0.00 ms.
Unloading 2752 Unused Serialized files (Serialized files now loaded: 0)
System memory in use before: 204.2 MB.
System memory in use after: 203.5 MB.

Unloading 15 unused Assets to reduce memory usage. Loaded Objects now: 3551.
Total: 2.228500 ms (FindLiveObjects: 0.272300 ms CreateObjectMapping: 0.143500 ms MarkObjects: 1.553500 ms  DeleteObjects: 0.258400 ms)

========================================================================
Received Import Request.
  Time since last request: 452.230224 seconds.
  path: Assets/Prefabs/Main Camera.prefab
  artifactKey: Guid(96b08682018a05b4fa55636cc2e50f1a) Importer(815301076,1909f56bfc062723c751e8b465ee728b)
Start importing Assets/Prefabs/Main Camera.prefab using Guid(96b08682018a05b4fa55636cc2e50f1a) Importer(815301076,1909f56bfc062723c751e8b465ee728b)  -> (artifact id: '8bb23b9a3bf357538cd8388e3f8c9ae0') in 0.033351 seconds 
========================================================================
Received Import Request.
  Time since last request: 57.685036 seconds.
  path: Assets/Beautify/Demos/DemoSources/Textures/Wall Stone 004.png
  artifactKey: Guid(19bc5a0b0ff1d4f149c2d9b56497c803) Importer(815301076,1909f56bfc062723c751e8b465ee728b)
Start importing Assets/Beautify/Demos/DemoSources/Textures/Wall Stone 004.png using Guid(19bc5a0b0ff1d4f149c2d9b56497c803) Importer(815301076,1909f56bfc062723c751e8b465ee728b)  -> (artifact id: 'f17e254343c4a7471f47e7e82eb6adb4') in 0.017977 seconds 
========================================================================
Received Import Request.
  Time since last request: 0.000228 seconds.
  path: Assets/Beautify/Demos/DemoSources/Textures/Wall Stone 004_N.png
  artifactKey: Guid(57c32a9934ea043d9a06874bd6641b29) Importer(815301076,1909f56bfc062723c751e8b465ee728b)
Start importing Assets/Beautify/Demos/DemoSources/Textures/Wall Stone 004_N.png using Guid(57c32a9934ea043d9a06874bd6641b29) Importer(815301076,1909f56bfc062723c751e8b465ee728b)  -> (artifact id: '200c6eb3c4288a567357ed1b38101345') in 0.027705 seconds 
========================================================================
Received Prepare
Registering precompiled user dll's ...
Registered in 0.002209 seconds.
Begin MonoManager ReloadAssembly
Native extension for WindowsStandalone target not found
Native extension for WebGL target not found
Refreshing native plugins compatible for Editor in 1.36 ms, found 1 plugins.
Preloading 0 native plugins for Editor in 0.00 ms.
Mono: successfully reloaded assembly
- Completed reload, in  0.681 seconds
Platform modules already initialized, skipping
Shader 'Mirza Beig/Standard/Terrain Rain': dependency 'BaseMapShader' shader 'ASESampleShaders/SimpleTerrainBase' not found
Shader 'Mirza Beig/Standard/Terrain Rain 2': dependency 'BaseMapShader' shader 'ASESampleShaders/SimpleTerrainBase' not found
Refreshing native plugins compatible for Editor in 1.37 ms, found 1 plugins.
Preloading 0 native plugins for Editor in 0.00 ms.
Unloading 2754 Unused Serialized files (Serialized files now loaded: 0)
System memory in use before: 207.1 MB.
System memory in use after: 206.4 MB.

Unloading 15 unused Assets to reduce memory usage. Loaded Objects now: 3586.
Total: 2.103700 ms (FindLiveObjects: 0.230600 ms CreateObjectMapping: 0.117300 ms MarkObjects: 1.481000 ms  DeleteObjects: 0.274100 ms)

========================================================================
Received Prepare
Registering precompiled user dll's ...
Registered in 0.002639 seconds.
Begin MonoManager ReloadAssembly
Native extension for WindowsStandalone target not found
Native extension for WebGL target not found
Refreshing native plugins compatible for Editor in 1.34 ms, found 1 plugins.
Preloading 0 native plugins for Editor in 0.00 ms.
Mono: successfully reloaded assembly
- Completed reload, in  0.682 seconds
Platform modules already initialized, skipping
Shader 'Mirza Beig/Standard/Terrain Rain': dependency 'BaseMapShader' shader 'ASESampleShaders/SimpleTerrainBase' not found
Shader 'Mirza Beig/Standard/Terrain Rain 2': dependency 'BaseMapShader' shader 'ASESampleShaders/SimpleTerrainBase' not found
Refreshing native plugins compatible for Editor in 1.38 ms, found 1 plugins.
Preloading 0 native plugins for Editor in 0.00 ms.
Unloading 2752 Unused Serialized files (Serialized files now loaded: 0)
System memory in use before: 207.0 MB.
System memory in use after: 206.3 MB.

Unloading 15 unused Assets to reduce memory usage. Loaded Objects now: 3589.
Total: 2.577800 ms (FindLiveObjects: 0.306400 ms CreateObjectMapping: 0.184900 ms MarkObjects: 1.819500 ms  DeleteObjects: 0.266000 ms)

========================================================================
Received Prepare
Registering precompiled user dll's ...
Registered in 0.002917 seconds.
Begin MonoManager ReloadAssembly
Native extension for WindowsStandalone target not found
Native extension for WebGL target not found
Refreshing native plugins compatible for Editor in 1.41 ms, found 1 plugins.
Preloading 0 native plugins for Editor in 0.00 ms.
Mono: successfully reloaded assembly
- Completed reload, in  0.772 seconds
Platform modules already initialized, skipping
Shader 'Mirza Beig/Standard/Terrain Rain': dependency 'BaseMapShader' shader 'ASESampleShaders/SimpleTerrainBase' not found
Shader 'Mirza Beig/Standard/Terrain Rain 2': dependency 'BaseMapShader' shader 'ASESampleShaders/SimpleTerrainBase' not found
Refreshing native plugins compatible for Editor in 1.58 ms, found 1 plugins.
Preloading 0 native plugins for Editor in 0.00 ms.
Unloading 2808 Unused Serialized files (Serialized files now loaded: 0)
System memory in use before: 208.7 MB.
System memory in use after: 208.0 MB.

Unloading 16 unused Assets to reduce memory usage. Loaded Objects now: 3647.
Total: 2.097400 ms (FindLiveObjects: 0.329600 ms CreateObjectMapping: 0.136300 ms MarkObjects: 1.390800 ms  DeleteObjects: 0.239600 ms)

========================================================================
Received Import Request.
  Time since last request: 200.207628 seconds.
  path: Assets/Tiny Giant Studio
  artifactKey: Guid(bf86f5b7347253a41ae8aed9c2ad16b2) Importer(815301076,1909f56bfc062723c751e8b465ee728b)
Start importing Assets/Tiny Giant Studio using Guid(bf86f5b7347253a41ae8aed9c2ad16b2) Importer(815301076,1909f56bfc062723c751e8b465ee728b)  -> (artifact id: 'b7d86befa5c88a267fa664da6205c1d6') in 0.007537 seconds 
========================================================================
Received Import Request.
  Time since last request: 2.064688 seconds.
  path: Assets/Tiny Giant Studio/Modular 3D Text
  artifactKey: Guid(e4cf71225495fd5409b8f95523da6382) Importer(815301076,1909f56bfc062723c751e8b465ee728b)
Start importing Assets/Tiny Giant Studio/Modular 3D Text using Guid(e4cf71225495fd5409b8f95523da6382) Importer(815301076,1909f56bfc062723c751e8b465ee728b)  -> (artifact id: '9e6252e37be5d75963f3c93e3f4e2b9a') in 0.004270 seconds 
========================================================================
Received Import Request.
  Time since last request: 4.480081 seconds.
  path: Assets/Tiny Giant Studio/Modular 3D Text/Examples
  artifactKey: Guid(15cb24b0f56fb08458b5f27b00db4451) Importer(815301076,1909f56bfc062723c751e8b465ee728b)
Start importing Assets/Tiny Giant Studio/Modular 3D Text/Examples using Guid(15cb24b0f56fb08458b5f27b00db4451) Importer(815301076,1909f56bfc062723c751e8b465ee728b)  -> (artifact id: 'ee9311df5bd34f986eca87390426fbef') in 0.004188 seconds 
========================================================================
Received Import Request.
  Time since last request: 0.021729 seconds.
  path: Assets/Tiny Giant Studio/Modular 3D Text/Examples/Countdown.prefab
  artifactKey: Guid(2f173073774d4504ca7de172b54804bd) Importer(815301076,1909f56bfc062723c751e8b465ee728b)
Start importing Assets/Tiny Giant Studio/Modular 3D Text/Examples/Countdown.prefab using Guid(2f173073774d4504ca7de172b54804bd) Importer(815301076,1909f56bfc062723c751e8b465ee728b)  -> (artifact id: '56938dc9a3fc7f964170523c0659d156') in 0.033875 seconds 
========================================================================
Received Import Request.
  Time since last request: 0.000115 seconds.
  path: Assets/Tiny Giant Studio/Modular 3D Text/Examples/Damage Effect.prefab
  artifactKey: Guid(473342d11a2913246b07996ead1cadbf) Importer(815301076,1909f56bfc062723c751e8b465ee728b)
Start importing Assets/Tiny Giant Studio/Modular 3D Text/Examples/Damage Effect.prefab using Guid(473342d11a2913246b07996ead1cadbf) Importer(815301076,1909f56bfc062723c751e8b465ee728b)  -> (artifact id: 'dae68d48598b49c13101724dd47c91fe') in 0.013107 seconds 
========================================================================
Received Import Request.
  Time since last request: 0.000134 seconds.
  path: Assets/Tiny Giant Studio/Modular 3D Text/Examples/Typewriter.prefab
  artifactKey: Guid(2c75bb51884d9ce48a24a53b531c3359) Importer(815301076,1909f56bfc062723c751e8b465ee728b)
Start importing Assets/Tiny Giant Studio/Modular 3D Text/Examples/Typewriter.prefab using Guid(2c75bb51884d9ce48a24a53b531c3359) Importer(815301076,1909f56bfc062723c751e8b465ee728b)  -> (artifact id: '02094e3d4fe246b336dbf2821b605021') in 0.013815 seconds 
========================================================================
Received Import Request.
  Time since last request: 0.000181 seconds.
  path: Assets/Tiny Giant Studio/Modular 3D Text/Examples/Typewriter Sound Effect.wav
  artifactKey: Guid(fe8140c62f08ab84fb8f5e1b0e59d517) Importer(815301076,1909f56bfc062723c751e8b465ee728b)
Start importing Assets/Tiny Giant Studio/Modular 3D Text/Examples/Typewriter Sound Effect.wav using Guid(fe8140c62f08ab84fb8f5e1b0e59d517) Importer(815301076,1909f56bfc062723c751e8b465ee728b)  -> (artifact id: 'c35e7573b510f351586a542c06651751') in 0.030588 seconds 
========================================================================
Received Import Request.
  Time since last request: 75.765025 seconds.
  path: Assets/Tiny Giant Studio/Modular 3D Text/Materials/Black.mat
  artifactKey: Guid(323309279f3626a4ba74c611555546c5) Importer(815301076,1909f56bfc062723c751e8b465ee728b)
Start importing Assets/Tiny Giant Studio/Modular 3D Text/Materials/Black.mat using Guid(323309279f3626a4ba74c611555546c5) Importer(815301076,1909f56bfc062723c751e8b465ee728b)  -> (artifact id: '154ce4636393e13b5d74ed42bb1c3d9d') in 0.020149 seconds 
========================================================================
Received Import Request.
  Time since last request: 0.000114 seconds.
  path: Assets/Beautify/Demos/DemoSources/Materials/GreenEmissive.mat
  artifactKey: Guid(317224c2eec4145f9b240ac244e08d02) Importer(815301076,1909f56bfc062723c751e8b465ee728b)
Start importing Assets/Beautify/Demos/DemoSources/Materials/GreenEmissive.mat using Guid(317224c2eec4145f9b240ac244e08d02) Importer(815301076,1909f56bfc062723c751e8b465ee728b)  -> (artifact id: 'be4f084f4962766c1b910c03c3630916') in 0.006785 seconds 
========================================================================
Received Import Request.
  Time since last request: 0.000150 seconds.
  path: Assets/Tiny Giant Studio/Modular 3D Text/Materials/Blue.mat
  artifactKey: Guid(b2b6c5f04ab123a49941855cbdf9a358) Importer(815301076,1909f56bfc062723c751e8b465ee728b)
Start importing Assets/Tiny Giant Studio/Modular 3D Text/Materials/Blue.mat using Guid(b2b6c5f04ab123a49941855cbdf9a358) Importer(815301076,1909f56bfc062723c751e8b465ee728b)  -> (artifact id: 'e96c5e805c533f2d99582c67110d29a5') in 0.007535 seconds 
========================================================================
Received Import Request.
  Time since last request: 0.000226 seconds.
  path: Assets/Beautify/Demos/DemoSources/Materials/BrightRedEmissive.mat
  artifactKey: Guid(aa631c03375c24c4cbe310de744f058f) Importer(815301076,1909f56bfc062723c751e8b465ee728b)
Start importing Assets/Beautify/Demos/DemoSources/Materials/BrightRedEmissive.mat using Guid(aa631c03375c24c4cbe310de744f058f) Importer(815301076,1909f56bfc062723c751e8b465ee728b)  -> (artifact id: 'dfbb5f5a68657ab869383b116393db9a') in 0.008437 seconds 
========================================================================
Received Import Request.
  Time since last request: 0.000118 seconds.
  path: Assets/Beautify/Resources/Materials/dirt5.mat
  artifactKey: Guid(d5802a3314f001740862f19db345a767) Importer(815301076,1909f56bfc062723c751e8b465ee728b)
Start importing Assets/Beautify/Resources/Materials/dirt5.mat using Guid(d5802a3314f001740862f19db345a767) Importer(815301076,1909f56bfc062723c751e8b465ee728b)  -> (artifact id: 'f1f2da3dbe4213ecc84c615efa963e9a') in 0.008479 seconds 
========================================================================
Received Import Request.
  Time since last request: 0.000145 seconds.
  path: Assets/Beautify/Resources/Materials/dirt1.mat
  artifactKey: Guid(7725db0ea92c66d4b99ec610e37221dc) Importer(815301076,1909f56bfc062723c751e8b465ee728b)
Start importing Assets/Beautify/Resources/Materials/dirt1.mat using Guid(7725db0ea92c66d4b99ec610e37221dc) Importer(815301076,1909f56bfc062723c751e8b465ee728b)  -> (artifact id: 'b5e7d6d05e1a741e6f4f4eca463e2ef4') in 0.008693 seconds 
========================================================================
Received Import Request.
  Time since last request: 0.000149 seconds.
  path: Assets/Beautify/Resources/Materials/dirt4.mat
  artifactKey: Guid(dbfe9a57f2e89b248937b1476a9abe56) Importer(815301076,1909f56bfc062723c751e8b465ee728b)
Start importing Assets/Beautify/Resources/Materials/dirt4.mat using Guid(dbfe9a57f2e89b248937b1476a9abe56) Importer(815301076,1909f56bfc062723c751e8b465ee728b)  -> (artifact id: 'a09b5fe28cf84502a6ba7ec399ccf0d9') in 0.007078 seconds 
========================================================================
Received Import Request.
  Time since last request: 0.000232 seconds.
  path: Assets/Tiny Giant Studio/Modular 3D Text/Materials/Brown.mat
  artifactKey: Guid(9038b515efcaf2d41a351541e1e490f3) Importer(815301076,1909f56bfc062723c751e8b465ee728b)
Start importing Assets/Tiny Giant Studio/Modular 3D Text/Materials/Brown.mat using Guid(9038b515efcaf2d41a351541e1e490f3) Importer(815301076,1909f56bfc062723c751e8b465ee728b)  -> (artifact id: '9969543740171e600bd483f5ff2ae005') in 0.007299 seconds 
========================================================================
Received Import Request.
  Time since last request: 0.000206 seconds.
  path: Assets/Beautify/Resources/Materials/LUTSepia.mat
  artifactKey: Guid(71ca5a3a94f322444aba7065a324946c) Importer(815301076,1909f56bfc062723c751e8b465ee728b)
Start importing Assets/Beautify/Resources/Materials/LUTSepia.mat using Guid(71ca5a3a94f322444aba7065a324946c) Importer(815301076,1909f56bfc062723c751e8b465ee728b)  -> (artifact id: '2b65368819d725636b0f38c783245cb2') in 0.007412 seconds 
========================================================================
Received Import Request.
  Time since last request: 0.000775 seconds.
  path: Assets/Beautify/Resources/Materials/grungeBorder.mat
  artifactKey: Guid(bbeb3bad6133d3542a9906ee96360998) Importer(815301076,1909f56bfc062723c751e8b465ee728b)
Start importing Assets/Beautify/Resources/Materials/grungeBorder.mat using Guid(bbeb3bad6133d3542a9906ee96360998) Importer(815301076,1909f56bfc062723c751e8b465ee728b)  -> (artifact id: 'ae5f0e01be400ed20ba4321734a1dec6') in 0.007415 seconds 
========================================================================
Received Import Request.
  Time since last request: 0.000142 seconds.
  path: Assets/Beautify/Demos/DemoSources/Materials/BrightWhiteEmissive.mat
  artifactKey: Guid(f0fd2d801240046b7b673468d8a86e6f) Importer(815301076,1909f56bfc062723c751e8b465ee728b)
Start importing Assets/Beautify/Demos/DemoSources/Materials/BrightWhiteEmissive.mat using Guid(f0fd2d801240046b7b673468d8a86e6f) Importer(815301076,1909f56bfc062723c751e8b465ee728b)  -> (artifact id: 'b0d90193082d312bc5a72354ac060ac7') in 0.007680 seconds 
========================================================================
Received Import Request.
  Time since last request: 0.000149 seconds.
  path: Assets/Tiny Giant Studio/Modular 3D Text/Materials/Grid 160 x 160.mat
  artifactKey: Guid(26007285ccfaf9e438126c4a0c71f5de) Importer(815301076,1909f56bfc062723c751e8b465ee728b)
Start importing Assets/Tiny Giant Studio/Modular 3D Text/Materials/Grid 160 x 160.mat using Guid(26007285ccfaf9e438126c4a0c71f5de) Importer(815301076,1909f56bfc062723c751e8b465ee728b)  -> (artifact id: 'a61cd801e24bce2656e76fff4971d6bf') in 0.008749 seconds 
========================================================================
Received Import Request.
  Time since last request: 0.000138 seconds.
  path: Assets/Beautify/Demos/DemoSources/Materials/BluishEmissive.mat
  artifactKey: Guid(93faaf14d90c7454682bbe1f80a99a00) Importer(815301076,1909f56bfc062723c751e8b465ee728b)
Start importing Assets/Beautify/Demos/DemoSources/Materials/BluishEmissive.mat using Guid(93faaf14d90c7454682bbe1f80a99a00) Importer(815301076,1909f56bfc062723c751e8b465ee728b)  -> (artifact id: '8d1643ac1c8be5399304954ae7de61de') in 0.007716 seconds 
========================================================================
Received Import Request.
  Time since last request: 0.000118 seconds.
  path: Assets/Beautify/Resources/Materials/LUTNeutral.mat
  artifactKey: Guid(9c83fb1cfd35db64497aca63c7a52e79) Importer(815301076,1909f56bfc062723c751e8b465ee728b)
Start importing Assets/Beautify/Resources/Materials/LUTNeutral.mat using Guid(9c83fb1cfd35db64497aca63c7a52e79) Importer(815301076,1909f56bfc062723c751e8b465ee728b)  -> (artifact id: '8429222941913afe7062e0dec5aec88f') in 0.008620 seconds 
========================================================================
Received Import Request.
  Time since last request: 0.000222 seconds.
  path: Assets/Tiny Giant Studio/Modular 3D Text/Materials/Green Bright.mat
  artifactKey: Guid(e6177ffee64f52948bbfac73b01087cb) Importer(815301076,1909f56bfc062723c751e8b465ee728b)
Start importing Assets/Tiny Giant Studio/Modular 3D Text/Materials/Green Bright.mat using Guid(e6177ffee64f52948bbfac73b01087cb) Importer(815301076,1909f56bfc062723c751e8b465ee728b)  -> (artifact id: '633f63581c2ef44028e34c0bff2ca739') in 0.009899 seconds 
========================================================================
Received Import Request.
  Time since last request: 0.000169 seconds.
  path: Assets/Tiny Giant Studio/Modular 3D Text/Materials/Grid 80 x 80.mat
  artifactKey: Guid(3ad5a5ad127306740a393e4f2568942e) Importer(815301076,1909f56bfc062723c751e8b465ee728b)
Start importing Assets/Tiny Giant Studio/Modular 3D Text/Materials/Grid 80 x 80.mat using Guid(3ad5a5ad127306740a393e4f2568942e) Importer(815301076,1909f56bfc062723c751e8b465ee728b)  -> (artifact id: '5332b139dd4b6699f035ab4901be1627') in 0.007856 seconds 
========================================================================
Received Import Request.
  Time since last request: 0.000149 seconds.
  path: Assets/Beautify/Resources/Materials/dirt2.mat
  artifactKey: Guid(098677b1cf677f14dac9a94d6e39709c) Importer(815301076,1909f56bfc062723c751e8b465ee728b)
Start importing Assets/Beautify/Resources/Materials/dirt2.mat using Guid(098677b1cf677f14dac9a94d6e39709c) Importer(815301076,1909f56bfc062723c751e8b465ee728b)  -> (artifact id: 'c551f3b6554bf942a558afdbd38ecf6b') in 0.009045 seconds 
========================================================================
Received Import Request.
  Time since last request: 0.000121 seconds.
  path: Assets/Beautify/Demos/DemoSources/Materials/Glass.mat
  artifactKey: Guid(3b569b234130640569856a3956d80319) Importer(815301076,1909f56bfc062723c751e8b465ee728b)
Start importing Assets/Beautify/Demos/DemoSources/Materials/Glass.mat using Guid(3b569b234130640569856a3956d80319) Importer(815301076,1909f56bfc062723c751e8b465ee728b)  -> (artifact id: '71a36dafe42d847300172a4524f093c6') in 0.415046 seconds 
========================================================================
Received Import Request.
  Time since last request: 0.000130 seconds.
  path: Assets/Tiny Giant Studio/Modular 3D Text/Materials/Emission Material.mat
  artifactKey: Guid(eac492a4f6cedde44bfa1300dcd38868) Importer(815301076,1909f56bfc062723c751e8b465ee728b)
Start importing Assets/Tiny Giant Studio/Modular 3D Text/Materials/Emission Material.mat using Guid(eac492a4f6cedde44bfa1300dcd38868) Importer(815301076,1909f56bfc062723c751e8b465ee728b)  -> (artifact id: '74372c58f206af66d7886eeaca12b3c0') in 0.055668 seconds 
========================================================================
Received Import Request.
  Time since last request: 0.000198 seconds.
  path: Assets/Beautify/Demos/DemoSources/Materials/Grassy.mat
  artifactKey: Guid(ec632cd36b19149d38d844f9f9a85858) Importer(815301076,1909f56bfc062723c751e8b465ee728b)
Start importing Assets/Beautify/Demos/DemoSources/Materials/Grassy.mat using Guid(ec632cd36b19149d38d844f9f9a85858) Importer(815301076,1909f56bfc062723c751e8b465ee728b)  -> (artifact id: '6197304d3c6ac022ec811e1fe09763b8') in 0.007892 seconds 
========================================================================
Received Import Request.
  Time since last request: 0.000137 seconds.
  path: Assets/Tiny Giant Studio/Modular 3D Text/Materials/Grey Light Dark.mat
  artifactKey: Guid(a25ca6aee6a441c4486f29a0624c9606) Importer(815301076,1909f56bfc062723c751e8b465ee728b)
Start importing Assets/Tiny Giant Studio/Modular 3D Text/Materials/Grey Light Dark.mat using Guid(a25ca6aee6a441c4486f29a0624c9606) Importer(815301076,1909f56bfc062723c751e8b465ee728b)  -> (artifact id: 'd9fca043cd26d16a458a13a33ccd98a1') in 0.007262 seconds 
========================================================================
Received Import Request.
  Time since last request: 0.000148 seconds.
  path: Assets/Tiny Giant Studio/Modular 3D Text/Materials/Green.mat
  artifactKey: Guid(c7865e25676eaec4db7e7f4bd829633b) Importer(815301076,1909f56bfc062723c751e8b465ee728b)
Start importing Assets/Tiny Giant Studio/Modular 3D Text/Materials/Green.mat using Guid(c7865e25676eaec4db7e7f4bd829633b) Importer(815301076,1909f56bfc062723c751e8b465ee728b)  -> (artifact id: '182198b892164b7d224b6e1ecf3a0af4') in 0.008020 seconds 
========================================================================
Received Import Request.
  Time since last request: 0.000149 seconds.
  path: Assets/Tiny Giant Studio/Modular 3D Text/Materials/Grey.mat
  artifactKey: Guid(b1b4721719ff98b4abf45943c7e47451) Importer(815301076,1909f56bfc062723c751e8b465ee728b)
Start importing Assets/Tiny Giant Studio/Modular 3D Text/Materials/Grey.mat using Guid(b1b4721719ff98b4abf45943c7e47451) Importer(815301076,1909f56bfc062723c751e8b465ee728b)  -> (artifact id: '60864f20f77ac23894cb05d652dba8f8') in 0.007512 seconds 
========================================================================
Received Import Request.
  Time since last request: 0.000160 seconds.
  path: Assets/Beautify/Resources/Materials/dirt3.mat
  artifactKey: Guid(0c00c637f6ccaa243ad43f1c7cab4cfc) Importer(815301076,1909f56bfc062723c751e8b465ee728b)
Start importing Assets/Beautify/Resources/Materials/dirt3.mat using Guid(0c00c637f6ccaa243ad43f1c7cab4cfc) Importer(815301076,1909f56bfc062723c751e8b465ee728b)  -> (artifact id: '579418b08e339ef88e6e0b114e6407a7') in 0.007591 seconds 
========================================================================
Received Import Request.
  Time since last request: 0.000141 seconds.
  path: Assets/Tiny Giant Studio/Modular 3D Text/Materials/Grey Dark.mat
  artifactKey: Guid(c958ce690de9a0841b7b2d7f597ac79a) Importer(815301076,1909f56bfc062723c751e8b465ee728b)
Start importing Assets/Tiny Giant Studio/Modular 3D Text/Materials/Grey Dark.mat using Guid(c958ce690de9a0841b7b2d7f597ac79a) Importer(815301076,1909f56bfc062723c751e8b465ee728b)  -> (artifact id: '08998f3d433e6fdcb546966440db7b94') in 0.007750 seconds 
========================================================================
Received Import Request.
  Time since last request: 0.000160 seconds.
  path: Assets/Beautify/Demos/DemoSources/Materials/BrightBlueEmissive.mat
  artifactKey: Guid(0067d374af558414bb48e3b34a1c2323) Importer(815301076,1909f56bfc062723c751e8b465ee728b)
Start importing Assets/Beautify/Demos/DemoSources/Materials/BrightBlueEmissive.mat using Guid(0067d374af558414bb48e3b34a1c2323) Importer(815301076,1909f56bfc062723c751e8b465ee728b)  -> (artifact id: '31c96bc25a2e721c45d04d3db4dd003e') in 0.006846 seconds 
========================================================================
Received Prepare
Registering precompiled user dll's ...
Registered in 0.002586 seconds.
Begin MonoManager ReloadAssembly
Native extension for WindowsStandalone target not found
Native extension for WebGL target not found
Refreshing native plugins compatible for Editor in 1.41 ms, found 1 plugins.
Preloading 0 native plugins for Editor in 0.00 ms.
Mono: successfully reloaded assembly
- Completed reload, in  0.680 seconds
Platform modules already initialized, skipping
Shader 'Mirza Beig/Standard/Terrain Rain': dependency 'BaseMapShader' shader 'ASESampleShaders/SimpleTerrainBase' not found
Shader 'Mirza Beig/Standard/Terrain Rain 2': dependency 'BaseMapShader' shader 'ASESampleShaders/SimpleTerrainBase' not found
Refreshing native plugins compatible for Editor in 1.41 ms, found 1 plugins.
Preloading 0 native plugins for Editor in 0.00 ms.
Unloading 2808 Unused Serialized files (Serialized files now loaded: 0)
System memory in use before: 209.5 MB.
System memory in use after: 208.8 MB.

Unloading 16 unused Assets to reduce memory usage. Loaded Objects now: 3653.
Total: 2.166600 ms (FindLiveObjects: 0.278200 ms CreateObjectMapping: 0.169500 ms MarkObjects: 1.469100 ms  DeleteObjects: 0.249000 ms)

========================================================================
Received Import Request.
  Time since last request: 471.285744 seconds.
  path: Assets/Scenes/Level 1.unity
  artifactKey: Guid(c474ae0904b2d454cbe8da6738d17ca2) Importer(815301076,1909f56bfc062723c751e8b465ee728b)
Start importing Assets/Scenes/Level 1.unity using Guid(c474ae0904b2d454cbe8da6738d17ca2) Importer(815301076,1909f56bfc062723c751e8b465ee728b)  -> (artifact id: '50effabd79eb6582b299d98d03886560') in 0.012009 seconds 
========================================================================
Received Prepare
Registering precompiled user dll's ...
Registered in 0.002674 seconds.
Begin MonoManager ReloadAssembly
Native extension for WindowsStandalone target not found
Native extension for WebGL target not found
Refreshing native plugins compatible for Editor in 1.48 ms, found 1 plugins.
Preloading 0 native plugins for Editor in 0.00 ms.
Mono: successfully reloaded assembly
- Completed reload, in  0.680 seconds
Platform modules already initialized, skipping
Shader 'Mirza Beig/Standard/Terrain Rain': dependency 'BaseMapShader' shader 'ASESampleShaders/SimpleTerrainBase' not found
Shader 'Mirza Beig/Standard/Terrain Rain 2': dependency 'BaseMapShader' shader 'ASESampleShaders/SimpleTerrainBase' not found
Refreshing native plugins compatible for Editor in 1.38 ms, found 1 plugins.
Preloading 0 native plugins for Editor in 0.00 ms.
Unloading 2808 Unused Serialized files (Serialized files now loaded: 0)
System memory in use before: 209.5 MB.
System memory in use after: 208.8 MB.

Unloading 16 unused Assets to reduce memory usage. Loaded Objects now: 3656.
Total: 1.988600 ms (FindLiveObjects: 0.242200 ms CreateObjectMapping: 0.138500 ms MarkObjects: 1.369800 ms  DeleteObjects: 0.237300 ms)

AssetImportWorkerClient::OnTransportError - code=2 error=End of file
