Using pre-set license
Built from '2021.1/staging' branch; Version is '2021.1.2f1 (e5d502d80fbb) revision 15062274'; Using compiler version '192528614'; Build Type 'Release'
OS: 'Windows 10 Home; OS build 19041.928; Version 2004; 64bit' Language: 'en' Physical Memory: 16185 MB
BatchMode: 1, IsHumanControllingUs: 0, StartBugReporterOnCrash: 0, Is64bit: 1, IsPro: 0

 COMMAND LINE ARGUMENTS:
C:\Program Files\Unity\Hub\Editor\2021.1.2f1\Editor\Unity.exe
-adb2
-batchMode
-noUpm
-name
AssetImportWorker0
-projectPath
D:/Downloads/Unity repos/Project Boost
-logFile
Logs/AssetImportWorker0.log
-srvPort
53591
Successfully changed project path to: D:/Downloads/Unity repos/Project Boost
D:/Downloads/Unity repos/Project Boost
Using Asset Import Pipeline V2.
Refreshing native plugins compatible for Editor in 167.75 ms, found 1 plugins.
Preloading 0 native plugins for Editor in 0.00 ms.
Initialize engine version: 2021.1.2f1 (e5d502d80fbb)
[Subsystems] Discovering subsystems at path C:/Program Files/Unity/Hub/Editor/2021.1.2f1/Editor/Data/Resources/UnitySubsystems
[Subsystems] Discovering subsystems at path D:/Downloads/Unity repos/Project Boost/Assets
GfxDevice: creating device client; threaded=0; jobified=0
Direct3D:
    Version:  Direct3D 11.0 [level 11.1]
    Renderer: NVIDIA GeForce RTX 2060 (ID=0x1f08)
    Vendor:   NVIDIA
    VRAM:     5980 MB
    Driver:   27.21.14.6192
Shader 'Mirza Beig/Standard/Terrain Rain': dependency 'BaseMapShader' shader 'ASESampleShaders/SimpleTerrainBase' not found
Shader 'Mirza Beig/Standard/Terrain Rain 2': dependency 'BaseMapShader' shader 'ASESampleShaders/SimpleTerrainBase' not found
Initialize mono
Mono path[0] = 'C:/Program Files/Unity/Hub/Editor/2021.1.2f1/Editor/Data/Managed'
Mono path[1] = 'C:/Program Files/Unity/Hub/Editor/2021.1.2f1/Editor/Data/MonoBleedingEdge/lib/mono/unityjit'
Mono config path = 'C:/Program Files/Unity/Hub/Editor/2021.1.2f1/Editor/Data/MonoBleedingEdge/etc'
Using monoOptions --debugger-agent=transport=dt_socket,embedding=1,server=y,suspend=n,address=127.0.0.1:56148
Begin MonoManager ReloadAssembly
Registering precompiled unity dll's ...
Register platform support module: C:/Program Files/Unity/Hub/Editor/2021.1.2f1/Editor/Data/PlaybackEngines/WebGLSupport/UnityEditor.WebGL.Extensions.dll
Register platform support module: C:/Program Files/Unity/Hub/Editor/2021.1.2f1/Editor/Data/PlaybackEngines/WindowsStandaloneSupport/UnityEditor.WindowsStandalone.Extensions.dll
Registered in 0.001713 seconds.
Native extension for WindowsStandalone target not found
Native extension for WebGL target not found
Refreshing native plugins compatible for Editor in 178.33 ms, found 1 plugins.
Preloading 0 native plugins for Editor in 0.00 ms.
Mono: successfully reloaded assembly
- Completed reload, in  1.026 seconds
Platform modules already initialized, skipping
Registering precompiled user dll's ...
Registered in 0.002350 seconds.
Begin MonoManager ReloadAssembly
Native extension for WindowsStandalone target not found
Native extension for WebGL target not found
Refreshing native plugins compatible for Editor in 1.41 ms, found 1 plugins.
Preloading 0 native plugins for Editor in 0.00 ms.
Mono: successfully reloaded assembly
- Completed reload, in  0.748 seconds
Platform modules already initialized, skipping
========================================================================
Worker process is ready to serve import requests
Shader 'Mirza Beig/Standard/Terrain Rain': dependency 'BaseMapShader' shader 'ASESampleShaders/SimpleTerrainBase' not found
Shader 'Mirza Beig/Standard/Terrain Rain 2': dependency 'BaseMapShader' shader 'ASESampleShaders/SimpleTerrainBase' not found
Launched and connected shader compiler UnityShaderCompiler.exe after 0.04 seconds
Refreshing native plugins compatible for Editor in 1.43 ms, found 1 plugins.
Preloading 0 native plugins for Editor in 0.00 ms.
Unloading 2747 Unused Serialized files (Serialized files now loaded: 0)
System memory in use before: 185.4 MB.
System memory in use after: 185.5 MB.

Unloading 15 unused Assets to reduce memory usage. Loaded Objects now: 3209.
Total: 3.104900 ms (FindLiveObjects: 0.638000 ms CreateObjectMapping: 0.494600 ms MarkObjects: 1.904400 ms  DeleteObjects: 0.066400 ms)

========================================================================
Received Import Request.
  path: Assets/Scenes/Level 1.unity
  artifactKey: Guid(9fc0d4010bbf28b4594072e72b8655ab) Importer(815301076,1909f56bfc062723c751e8b465ee728b)
Start importing Assets/Scenes/Level 1.unity using Guid(9fc0d4010bbf28b4594072e72b8655ab) Importer(815301076,1909f56bfc062723c751e8b465ee728b)  -> (artifact id: '0ac8e3b0fa0b57b3fcba2e0758e3d6d2') in 0.022049 seconds 
========================================================================
Received Import Request.
  Time since last request: 29.400684 seconds.
  path: Assets/Scenes/Level 1.unity
  artifactKey: Guid(9fc0d4010bbf28b4594072e72b8655ab) Importer(815301076,1909f56bfc062723c751e8b465ee728b)
Start importing Assets/Scenes/Level 1.unity using Guid(9fc0d4010bbf28b4594072e72b8655ab) Importer(815301076,1909f56bfc062723c751e8b465ee728b)  -> (artifact id: 'c714553cd63c93c57f0de9fd5df4e428') in 0.001389 seconds 
========================================================================
Received Import Request.
  Time since last request: 5.537020 seconds.
  path: Assets/Scenes/Level 2.unity
  artifactKey: Guid(22ef23acedeb474408be3fa77a93aa05) Importer(815301076,1909f56bfc062723c751e8b465ee728b)
Start importing Assets/Scenes/Level 2.unity using Guid(22ef23acedeb474408be3fa77a93aa05) Importer(815301076,1909f56bfc062723c751e8b465ee728b)  -> (artifact id: '1cec715e7daf72ba469c56c124a4d470') in 0.004576 seconds 
========================================================================
Received Import Request.
  Time since last request: 86.367472 seconds.
  path: Assets/Scenes/Level 1.unity
  artifactKey: Guid(9fc0d4010bbf28b4594072e72b8655ab) Importer(815301076,1909f56bfc062723c751e8b465ee728b)
Start importing Assets/Scenes/Level 1.unity using Guid(9fc0d4010bbf28b4594072e72b8655ab) Importer(815301076,1909f56bfc062723c751e8b465ee728b)  -> (artifact id: '6e43a9ad108ef22b8a67c9945fd28af6') in 0.001354 seconds 
========================================================================
Received Import Request.
  Time since last request: 45.220753 seconds.
  path: Assets/Scenes/Level 1.unity
  artifactKey: Guid(9fc0d4010bbf28b4594072e72b8655ab) Importer(815301076,1909f56bfc062723c751e8b465ee728b)
Start importing Assets/Scenes/Level 1.unity using Guid(9fc0d4010bbf28b4594072e72b8655ab) Importer(815301076,1909f56bfc062723c751e8b465ee728b)  -> (artifact id: 'f0dd20e6614e0de58b7441a5b6fefce9') in 0.025219 seconds 
